2024-07-09 22:02:16,504 INFO [dump] add formal task. groupKey=coupon.properties+DEV+ced4a4a9-59a8-4757-a101-e1914c127389

2024-07-09 22:02:16,505 INFO [dump] process formal task. groupKey=coupon.properties+DEV+ced4a4a9-59a8-4757-a101-e1914c127389

2024-07-09 22:02:16,538 INFO [dump] md5 changed, update md5 and timestamp in jvm cache ,groupKey=coupon.properties+DEV+ced4a4a9-59a8-4757-a101-e1914c127389, newMd5=3ed6b8baaefb04f73ad381c4d0573026,oldMd5=,lastModifiedTs=1720533736271

2024-07-09 22:02:40,422 INFO [dump] add formal task. groupKey=coupon.properties+TEST+ced4a4a9-59a8-4757-a101-e1914c127389

2024-07-09 22:02:40,504 INFO [dump] process formal task. groupKey=coupon.properties+TEST+ced4a4a9-59a8-4757-a101-e1914c127389

2024-07-09 22:02:40,505 INFO [dump] md5 changed, update md5 and timestamp in jvm cache ,groupKey=coupon.properties+TEST+ced4a4a9-59a8-4757-a101-e1914c127389, newMd5=3ed6b8baaefb04f73ad381c4d0573026,oldMd5=,lastModifiedTs=1720533760420

2024-07-09 22:02:53,665 INFO [dump] add formal task. groupKey=coupon.properties+PROD+ced4a4a9-59a8-4757-a101-e1914c127389

2024-07-09 22:02:53,759 INFO [dump] process formal task. groupKey=coupon.properties+PROD+ced4a4a9-59a8-4757-a101-e1914c127389

2024-07-09 22:02:53,760 INFO [dump] md5 changed, update md5 and timestamp in jvm cache ,groupKey=coupon.properties+PROD+ced4a4a9-59a8-4757-a101-e1914c127389, newMd5=3ed6b8baaefb04f73ad381c4d0573026,oldMd5=,lastModifiedTs=1720533773662

2024-07-09 22:04:16,876 INFO [dump] add formal task. groupKey=all.yml+DEV+ced4a4a9-59a8-4757-a101-e1914c127389

2024-07-09 22:04:16,961 INFO [dump] process formal task. groupKey=all.yml+DEV+ced4a4a9-59a8-4757-a101-e1914c127389

2024-07-09 22:04:16,962 INFO [dump] md5 changed, update md5 and timestamp in jvm cache ,groupKey=all.yml+DEV+ced4a4a9-59a8-4757-a101-e1914c127389, newMd5=ea9976c4a1cb2696f3df860a2693cb45,oldMd5=,lastModifiedTs=1720533856873

2024-07-09 22:06:20,548 INFO [dump] add formal task. groupKey=coupon.properties+DEV+22221e13-393d-4683-b76d-dc0ddd1adcbb

2024-07-09 22:06:20,551 INFO [dump] add formal task. groupKey=coupon.properties+TEST+22221e13-393d-4683-b76d-dc0ddd1adcbb

2024-07-09 22:06:20,551 INFO [dump] add formal task. groupKey=coupon.properties+PROD+22221e13-393d-4683-b76d-dc0ddd1adcbb

2024-07-09 22:06:20,553 INFO [dump] add formal task. groupKey=all.yml+DEV+22221e13-393d-4683-b76d-dc0ddd1adcbb

2024-07-09 22:06:20,632 INFO [dump] process formal task. groupKey=coupon.properties+DEV+22221e13-393d-4683-b76d-dc0ddd1adcbb

2024-07-09 22:06:20,637 INFO [dump] md5 changed, update md5 and timestamp in jvm cache ,groupKey=coupon.properties+DEV+22221e13-393d-4683-b76d-dc0ddd1adcbb, newMd5=3ed6b8baaefb04f73ad381c4d0573026,oldMd5=,lastModifiedTs=1720533980532

2024-07-09 22:06:20,638 INFO [dump] process formal task. groupKey=coupon.properties+TEST+22221e13-393d-4683-b76d-dc0ddd1adcbb

2024-07-09 22:06:20,638 INFO [dump] md5 changed, update md5 and timestamp in jvm cache ,groupKey=coupon.properties+TEST+22221e13-393d-4683-b76d-dc0ddd1adcbb, newMd5=3ed6b8baaefb04f73ad381c4d0573026,oldMd5=,lastModifiedTs=1720533980535

2024-07-09 22:06:20,638 INFO [dump] process formal task. groupKey=all.yml+DEV+22221e13-393d-4683-b76d-dc0ddd1adcbb

2024-07-09 22:06:20,639 INFO [dump] md5 changed, update md5 and timestamp in jvm cache ,groupKey=all.yml+DEV+22221e13-393d-4683-b76d-dc0ddd1adcbb, newMd5=ea9976c4a1cb2696f3df860a2693cb45,oldMd5=,lastModifiedTs=1720533980546

2024-07-09 22:06:20,639 INFO [dump] process formal task. groupKey=coupon.properties+PROD+22221e13-393d-4683-b76d-dc0ddd1adcbb

2024-07-09 22:06:20,641 INFO [dump] md5 changed, update md5 and timestamp in jvm cache ,groupKey=coupon.properties+PROD+22221e13-393d-4683-b76d-dc0ddd1adcbb, newMd5=3ed6b8baaefb04f73ad381c4d0573026,oldMd5=,lastModifiedTs=1720533980543

2024-07-09 22:06:29,887 INFO [dump] add formal task. groupKey=coupon.properties+DEV+22221e13-393d-4683-b76d-dc0ddd1adcbb

2024-07-09 22:06:29,953 INFO [dump] process formal task. groupKey=coupon.properties+DEV+22221e13-393d-4683-b76d-dc0ddd1adcbb

2024-07-09 22:06:29,954 INFO [dump] md5 changed, update md5 and timestamp in jvm cache ,groupKey=coupon.properties+DEV+22221e13-393d-4683-b76d-dc0ddd1adcbb, newMd5=581441d5b4dd9e25588015aec44d4b66,oldMd5=3ed6b8baaefb04f73ad381c4d0573026,lastModifiedTs=1720533989861

2024-07-09 22:06:38,900 INFO [dump] add formal task. groupKey=coupon.properties+TEST+22221e13-393d-4683-b76d-dc0ddd1adcbb

2024-07-09 22:06:38,961 INFO [dump] process formal task. groupKey=coupon.properties+TEST+22221e13-393d-4683-b76d-dc0ddd1adcbb

2024-07-09 22:06:38,962 INFO [dump] md5 changed, update md5 and timestamp in jvm cache ,groupKey=coupon.properties+TEST+22221e13-393d-4683-b76d-dc0ddd1adcbb, newMd5=581441d5b4dd9e25588015aec44d4b66,oldMd5=3ed6b8baaefb04f73ad381c4d0573026,lastModifiedTs=1720533998897

2024-07-09 22:06:45,202 INFO [dump] add formal task. groupKey=coupon.properties+PROD+22221e13-393d-4683-b76d-dc0ddd1adcbb

2024-07-09 22:06:45,235 INFO [dump] process formal task. groupKey=coupon.properties+PROD+22221e13-393d-4683-b76d-dc0ddd1adcbb

2024-07-09 22:06:45,236 INFO [dump] md5 changed, update md5 and timestamp in jvm cache ,groupKey=coupon.properties+PROD+22221e13-393d-4683-b76d-dc0ddd1adcbb, newMd5=581441d5b4dd9e25588015aec44d4b66,oldMd5=3ed6b8baaefb04f73ad381c4d0573026,lastModifiedTs=1720534005200

2024-07-09 22:07:43,018 INFO [dump] add formal task. groupKey=all.yml+DEV+22221e13-393d-4683-b76d-dc0ddd1adcbb

2024-07-09 22:07:43,104 INFO [dump] process formal task. groupKey=all.yml+DEV+22221e13-393d-4683-b76d-dc0ddd1adcbb

2024-07-09 22:07:43,105 INFO [dump] md5 changed, update md5 and timestamp in jvm cache ,groupKey=all.yml+DEV+22221e13-393d-4683-b76d-dc0ddd1adcbb, newMd5=0231967a79bffdde8815f0d3a8c78986,oldMd5=ea9976c4a1cb2696f3df860a2693cb45,lastModifiedTs=1720534063016

2024-07-09 22:09:52,970 INFO [dump] add formal task. groupKey=coupon.properties+TEST+3ec3c34c-8800-416e-8e86-19fadc0045ec

2024-07-09 22:09:52,970 INFO [dump] add formal task. groupKey=coupon.properties+DEV+3ec3c34c-8800-416e-8e86-19fadc0045ec

2024-07-09 22:09:52,970 INFO [dump] add formal task. groupKey=all.yml+DEV+3ec3c34c-8800-416e-8e86-19fadc0045ec

2024-07-09 22:09:52,970 INFO [dump] add formal task. groupKey=coupon.properties+PROD+3ec3c34c-8800-416e-8e86-19fadc0045ec

2024-07-09 22:09:53,035 INFO [dump] process formal task. groupKey=coupon.properties+DEV+3ec3c34c-8800-416e-8e86-19fadc0045ec

2024-07-09 22:09:53,036 INFO [dump] md5 changed, update md5 and timestamp in jvm cache ,groupKey=coupon.properties+DEV+3ec3c34c-8800-416e-8e86-19fadc0045ec, newMd5=581441d5b4dd9e25588015aec44d4b66,oldMd5=,lastModifiedTs=1720534192961

2024-07-09 22:09:53,036 INFO [dump] process formal task. groupKey=all.yml+DEV+3ec3c34c-8800-416e-8e86-19fadc0045ec

2024-07-09 22:09:53,036 INFO [dump] md5 changed, update md5 and timestamp in jvm cache ,groupKey=all.yml+DEV+3ec3c34c-8800-416e-8e86-19fadc0045ec, newMd5=0231967a79bffdde8815f0d3a8c78986,oldMd5=,lastModifiedTs=1720534192968

2024-07-09 22:09:53,037 INFO [dump] process formal task. groupKey=coupon.properties+PROD+3ec3c34c-8800-416e-8e86-19fadc0045ec

2024-07-09 22:09:53,037 INFO [dump] md5 changed, update md5 and timestamp in jvm cache ,groupKey=coupon.properties+PROD+3ec3c34c-8800-416e-8e86-19fadc0045ec, newMd5=581441d5b4dd9e25588015aec44d4b66,oldMd5=,lastModifiedTs=1720534192965

2024-07-09 22:09:53,037 INFO [dump] process formal task. groupKey=coupon.properties+TEST+3ec3c34c-8800-416e-8e86-19fadc0045ec

2024-07-09 22:09:53,038 INFO [dump] md5 changed, update md5 and timestamp in jvm cache ,groupKey=coupon.properties+TEST+3ec3c34c-8800-416e-8e86-19fadc0045ec, newMd5=581441d5b4dd9e25588015aec44d4b66,oldMd5=,lastModifiedTs=1720534192963

2024-07-09 22:10:39,652 INFO [dump] add formal task. groupKey=order.properties+DEV+22221e13-393d-4683-b76d-dc0ddd1adcbb

2024-07-09 22:10:39,690 INFO [dump] process formal task. groupKey=order.properties+DEV+22221e13-393d-4683-b76d-dc0ddd1adcbb

2024-07-09 22:10:39,690 INFO [dump] md5 changed, update md5 and timestamp in jvm cache ,groupKey=order.properties+DEV+22221e13-393d-4683-b76d-dc0ddd1adcbb, newMd5=581441d5b4dd9e25588015aec44d4b66,oldMd5=,lastModifiedTs=1720534239648

2024-07-09 22:10:45,479 INFO [dump] add formal task. groupKey=coupon.properties+DEV+22221e13-393d-4683-b76d-dc0ddd1adcbb

2024-07-09 22:10:45,561 INFO [dump] process formal task. groupKey=coupon.properties+DEV+22221e13-393d-4683-b76d-dc0ddd1adcbb

2024-07-09 22:10:45,561 INFO [dump] remove  local jvm cache,groupKey=coupon.properties+DEV+22221e13-393d-4683-b76d-dc0ddd1adcbb 

2024-07-09 22:10:47,889 INFO [dump] add formal task. groupKey=coupon.properties+PROD+22221e13-393d-4683-b76d-dc0ddd1adcbb

2024-07-09 22:10:47,988 INFO [dump] process formal task. groupKey=coupon.properties+PROD+22221e13-393d-4683-b76d-dc0ddd1adcbb

2024-07-09 22:10:47,989 INFO [dump] remove  local jvm cache,groupKey=coupon.properties+PROD+22221e13-393d-4683-b76d-dc0ddd1adcbb 

2024-07-09 22:10:50,261 INFO [dump] add formal task. groupKey=coupon.properties+TEST+22221e13-393d-4683-b76d-dc0ddd1adcbb

2024-07-09 22:10:50,317 INFO [dump] process formal task. groupKey=coupon.properties+TEST+22221e13-393d-4683-b76d-dc0ddd1adcbb

2024-07-09 22:10:50,318 INFO [dump] remove  local jvm cache,groupKey=coupon.properties+TEST+22221e13-393d-4683-b76d-dc0ddd1adcbb 

2024-07-09 22:10:56,463 INFO [dump] add formal task. groupKey=order.properties+DEV+22221e13-393d-4683-b76d-dc0ddd1adcbb

2024-07-09 22:10:56,492 INFO [dump] process formal task. groupKey=order.properties+DEV+22221e13-393d-4683-b76d-dc0ddd1adcbb

2024-07-09 22:10:56,492 WARN [dump-ignore] ignore to save to disk cache. md5 consistent,groupKey=order.properties+DEV+22221e13-393d-4683-b76d-dc0ddd1adcbb, md5=581441d5b4dd9e25588015aec44d4b66

2024-07-09 22:10:56,493 WARN [dump-ignore] ignore to save to jvm cache. md5 consistent and no new timestamp changed.groupKey=order.properties+DEV+22221e13-393d-4683-b76d-dc0ddd1adcbb

2024-07-09 22:11:07,497 INFO [dump] add formal task. groupKey=order.properties+TEST+22221e13-393d-4683-b76d-dc0ddd1adcbb

2024-07-09 22:11:07,530 INFO [dump] process formal task. groupKey=order.properties+TEST+22221e13-393d-4683-b76d-dc0ddd1adcbb

2024-07-09 22:11:07,531 INFO [dump] md5 changed, update md5 and timestamp in jvm cache ,groupKey=order.properties+TEST+22221e13-393d-4683-b76d-dc0ddd1adcbb, newMd5=581441d5b4dd9e25588015aec44d4b66,oldMd5=,lastModifiedTs=1720534267485

2024-07-09 22:11:18,545 INFO [dump] add formal task. groupKey=order.properties+PROD+22221e13-393d-4683-b76d-dc0ddd1adcbb

2024-07-09 22:11:18,558 INFO [dump] process formal task. groupKey=order.properties+PROD+22221e13-393d-4683-b76d-dc0ddd1adcbb

2024-07-09 22:11:18,559 INFO [dump] md5 changed, update md5 and timestamp in jvm cache ,groupKey=order.properties+PROD+22221e13-393d-4683-b76d-dc0ddd1adcbb, newMd5=581441d5b4dd9e25588015aec44d4b66,oldMd5=,lastModifiedTs=1720534278542

2024-07-09 22:11:26,743 INFO [dump] add formal task. groupKey=coupon.properties+DEV+3ec3c34c-8800-416e-8e86-19fadc0045ec

2024-07-09 22:11:26,844 INFO [dump] process formal task. groupKey=coupon.properties+DEV+3ec3c34c-8800-416e-8e86-19fadc0045ec

2024-07-09 22:11:26,845 INFO [dump] remove  local jvm cache,groupKey=coupon.properties+DEV+3ec3c34c-8800-416e-8e86-19fadc0045ec 

2024-07-09 22:11:28,849 INFO [dump] add formal task. groupKey=coupon.properties+TEST+3ec3c34c-8800-416e-8e86-19fadc0045ec

2024-07-09 22:11:28,869 INFO [dump] process formal task. groupKey=coupon.properties+TEST+3ec3c34c-8800-416e-8e86-19fadc0045ec

2024-07-09 22:11:28,869 INFO [dump] remove  local jvm cache,groupKey=coupon.properties+TEST+3ec3c34c-8800-416e-8e86-19fadc0045ec 

2024-07-09 22:11:30,620 INFO [dump] add formal task. groupKey=coupon.properties+PROD+3ec3c34c-8800-416e-8e86-19fadc0045ec

2024-07-09 22:11:30,690 INFO [dump] process formal task. groupKey=coupon.properties+PROD+3ec3c34c-8800-416e-8e86-19fadc0045ec

2024-07-09 22:11:30,691 INFO [dump] remove  local jvm cache,groupKey=coupon.properties+PROD+3ec3c34c-8800-416e-8e86-19fadc0045ec 

2024-07-09 22:11:44,843 INFO [dump] add formal task. groupKey=warehouse.properties+DEV+3ec3c34c-8800-416e-8e86-19fadc0045ec

2024-07-09 22:11:44,863 INFO [dump] process formal task. groupKey=warehouse.properties+DEV+3ec3c34c-8800-416e-8e86-19fadc0045ec

2024-07-09 22:11:44,864 INFO [dump] md5 changed, update md5 and timestamp in jvm cache ,groupKey=warehouse.properties+DEV+3ec3c34c-8800-416e-8e86-19fadc0045ec, newMd5=a0d071d1ae7c075147db97101bb84747,oldMd5=,lastModifiedTs=1720534304840

2024-07-09 22:11:54,936 INFO [dump] add formal task. groupKey=warehouse.properties+TEST+3ec3c34c-8800-416e-8e86-19fadc0045ec

2024-07-09 22:11:54,992 INFO [dump] process formal task. groupKey=warehouse.properties+TEST+3ec3c34c-8800-416e-8e86-19fadc0045ec

2024-07-09 22:11:54,993 INFO [dump] md5 changed, update md5 and timestamp in jvm cache ,groupKey=warehouse.properties+TEST+3ec3c34c-8800-416e-8e86-19fadc0045ec, newMd5=a0d071d1ae7c075147db97101bb84747,oldMd5=,lastModifiedTs=1720534314934

2024-07-09 22:12:02,355 INFO [dump] add formal task. groupKey=warehouse.properties+PROD+3ec3c34c-8800-416e-8e86-19fadc0045ec

2024-07-09 22:12:02,385 INFO [dump] process formal task. groupKey=warehouse.properties+PROD+3ec3c34c-8800-416e-8e86-19fadc0045ec

2024-07-09 22:12:02,386 INFO [dump] md5 changed, update md5 and timestamp in jvm cache ,groupKey=warehouse.properties+PROD+3ec3c34c-8800-416e-8e86-19fadc0045ec, newMd5=a0d071d1ae7c075147db97101bb84747,oldMd5=,lastModifiedTs=1720534322342

2024-07-09 22:13:42,565 INFO [dump] add formal task. groupKey=all.yml+DEV+3ec3c34c-8800-416e-8e86-19fadc0045ec

2024-07-09 22:13:42,645 INFO [dump] process formal task. groupKey=all.yml+DEV+3ec3c34c-8800-416e-8e86-19fadc0045ec

2024-07-09 22:13:42,646 INFO [dump] md5 changed, update md5 and timestamp in jvm cache ,groupKey=all.yml+DEV+3ec3c34c-8800-416e-8e86-19fadc0045ec, newMd5=9a19ae7e4824912d7f2874336ad9549b,oldMd5=0231967a79bffdde8815f0d3a8c78986,lastModifiedTs=1720534422549

2024-07-09 22:15:10,067 INFO [dump] add formal task. groupKey=all.yml+DEV+4260c59d-4610-4f28-a07f-c2889f2120d0

2024-07-09 22:15:10,158 INFO [dump] process formal task. groupKey=all.yml+DEV+4260c59d-4610-4f28-a07f-c2889f2120d0

2024-07-09 22:15:10,159 INFO [dump] md5 changed, update md5 and timestamp in jvm cache ,groupKey=all.yml+DEV+4260c59d-4610-4f28-a07f-c2889f2120d0, newMd5=9a19ae7e4824912d7f2874336ad9549b,oldMd5=,lastModifiedTs=1720534510063

2024-07-09 22:16:03,705 INFO [dump] add formal task. groupKey=product.properties+DEV+4260c59d-4610-4f28-a07f-c2889f2120d0

2024-07-09 22:16:03,765 INFO [dump] process formal task. groupKey=product.properties+DEV+4260c59d-4610-4f28-a07f-c2889f2120d0

2024-07-09 22:16:03,766 INFO [dump] md5 changed, update md5 and timestamp in jvm cache ,groupKey=product.properties+DEV+4260c59d-4610-4f28-a07f-c2889f2120d0, newMd5=012a4ae1093018202d0abc1dc71656bf,oldMd5=,lastModifiedTs=1720534563703

2024-07-09 22:16:12,073 INFO [dump] add formal task. groupKey=product.properties+TEST+4260c59d-4610-4f28-a07f-c2889f2120d0

2024-07-09 22:16:12,160 INFO [dump] process formal task. groupKey=product.properties+TEST+4260c59d-4610-4f28-a07f-c2889f2120d0

2024-07-09 22:16:12,162 INFO [dump] md5 changed, update md5 and timestamp in jvm cache ,groupKey=product.properties+TEST+4260c59d-4610-4f28-a07f-c2889f2120d0, newMd5=012a4ae1093018202d0abc1dc71656bf,oldMd5=,lastModifiedTs=1720534572071

2024-07-09 22:16:35,874 INFO [dump] add formal task. groupKey=product.properties+PROD+4260c59d-4610-4f28-a07f-c2889f2120d0

2024-07-09 22:16:35,948 INFO [dump] process formal task. groupKey=product.properties+PROD+4260c59d-4610-4f28-a07f-c2889f2120d0

2024-07-09 22:16:35,948 INFO [dump] md5 changed, update md5 and timestamp in jvm cache ,groupKey=product.properties+PROD+4260c59d-4610-4f28-a07f-c2889f2120d0, newMd5=012a4ae1093018202d0abc1dc71656bf,oldMd5=,lastModifiedTs=1720534595871

2024-07-09 22:16:55,804 INFO [dump] add formal task. groupKey=all.yml+DEV+4260c59d-4610-4f28-a07f-c2889f2120d0

2024-07-09 22:16:55,883 INFO [dump] process formal task. groupKey=all.yml+DEV+4260c59d-4610-4f28-a07f-c2889f2120d0

2024-07-09 22:16:55,884 INFO [dump] md5 changed, update md5 and timestamp in jvm cache ,groupKey=all.yml+DEV+4260c59d-4610-4f28-a07f-c2889f2120d0, newMd5=28a6a921f266108ecbf6dda4a169c03b,oldMd5=9a19ae7e4824912d7f2874336ad9549b,lastModifiedTs=1720534615802

2024-07-09 22:18:24,385 INFO [dump] add formal task. groupKey=all.yml+DEV+4260c59d-4610-4f28-a07f-c2889f2120d0

2024-07-09 22:18:24,412 INFO [dump] process formal task. groupKey=all.yml+DEV+4260c59d-4610-4f28-a07f-c2889f2120d0

2024-07-09 22:18:24,413 WARN [dump-ignore] ignore to save to disk cache. md5 consistent,groupKey=all.yml+DEV+4260c59d-4610-4f28-a07f-c2889f2120d0, md5=28a6a921f266108ecbf6dda4a169c03b

2024-07-09 22:18:24,413 INFO [dump] md5 consistent ,timestamp changed, update timestamp only in jvm cache ,groupKey=all.yml+DEV+4260c59d-4610-4f28-a07f-c2889f2120d0,lastModifiedTs=1720534704383

2024-07-09 22:18:33,393 INFO [dump] add formal task. groupKey=all.yml+DEV+d07fc334-107c-4d4f-a427-8bc96d29610a

2024-07-09 22:18:33,430 INFO [dump] process formal task. groupKey=all.yml+DEV+d07fc334-107c-4d4f-a427-8bc96d29610a

2024-07-09 22:18:33,430 INFO [dump] md5 changed, update md5 and timestamp in jvm cache ,groupKey=all.yml+DEV+d07fc334-107c-4d4f-a427-8bc96d29610a, newMd5=28a6a921f266108ecbf6dda4a169c03b,oldMd5=,lastModifiedTs=1720534713390

2024-07-09 22:18:58,028 INFO [dump] add formal task. groupKey=product.properties+DEV+d07fc334-107c-4d4f-a427-8bc96d29610a

2024-07-09 22:18:58,120 INFO [dump] process formal task. groupKey=product.properties+DEV+d07fc334-107c-4d4f-a427-8bc96d29610a

2024-07-09 22:18:58,120 INFO [dump] md5 changed, update md5 and timestamp in jvm cache ,groupKey=product.properties+DEV+d07fc334-107c-4d4f-a427-8bc96d29610a, newMd5=b1b2f29b0d4704783475399b2d744eef,oldMd5=,lastModifiedTs=1720534738026

2024-07-09 22:19:09,781 INFO [dump] add formal task. groupKey=product.properties+TEST+d07fc334-107c-4d4f-a427-8bc96d29610a

2024-07-09 22:19:09,853 INFO [dump] process formal task. groupKey=product.properties+TEST+d07fc334-107c-4d4f-a427-8bc96d29610a

2024-07-09 22:19:09,853 INFO [dump] md5 changed, update md5 and timestamp in jvm cache ,groupKey=product.properties+TEST+d07fc334-107c-4d4f-a427-8bc96d29610a, newMd5=b1b2f29b0d4704783475399b2d744eef,oldMd5=,lastModifiedTs=1720534749769

2024-07-09 22:19:15,098 INFO [dump] add formal task. groupKey=product.properties+PROD+d07fc334-107c-4d4f-a427-8bc96d29610a

2024-07-09 22:19:15,109 INFO [dump] process formal task. groupKey=product.properties+PROD+d07fc334-107c-4d4f-a427-8bc96d29610a

2024-07-09 22:19:15,110 INFO [dump] md5 changed, update md5 and timestamp in jvm cache ,groupKey=product.properties+PROD+d07fc334-107c-4d4f-a427-8bc96d29610a, newMd5=b1b2f29b0d4704783475399b2d744eef,oldMd5=,lastModifiedTs=1720534755095

2024-07-09 22:19:50,951 INFO [dump] add formal task. groupKey=all.yml+DEV+d07fc334-107c-4d4f-a427-8bc96d29610a

2024-07-09 22:19:51,022 INFO [dump] process formal task. groupKey=all.yml+DEV+d07fc334-107c-4d4f-a427-8bc96d29610a

2024-07-09 22:19:51,023 INFO [dump] md5 changed, update md5 and timestamp in jvm cache ,groupKey=all.yml+DEV+d07fc334-107c-4d4f-a427-8bc96d29610a, newMd5=3db1257139cc62b2245aab197e093ad8,oldMd5=28a6a921f266108ecbf6dda4a169c03b,lastModifiedTs=1720534790947

