2024-07-09 00:04:25,969 INFO notifyConnectTimeout:100

2024-07-09 00:04:25,971 INFO notifySocketTimeout:200

2024-07-09 00:04:25,971 INFO isHealthCheck:true

2024-07-09 00:04:25,971 INFO maxHealthCheckFailCount:12

2024-07-09 00:04:25,971 INFO maxContent:10485760

2024-07-09 00:04:29,347 WARN DumpService start

2024-07-09 00:04:29,348 INFO start clear all config-info.

2024-07-09 00:04:29,348 WARN clear all config-info failed.

2024-07-09 00:04:29,348 WARN clear all config-info-tenant failed.

2024-07-09 00:04:29,376 INFO start clear all config-info-beta.

2024-07-09 00:04:29,376 WARN clear all config-info-beta failed.

2024-07-09 00:04:29,377 WARN clear all config-info-beta-tenant failed.

2024-07-09 00:04:29,385 INFO start clear all config-info-tag.

2024-07-09 00:04:29,386 WARN clear all config-info-tag failed.

2024-07-09 00:04:29,386 WARN clear all config-info-tag-tenant failed.

2024-07-09 21:57:15,955 INFO notifyConnectTimeout:100

2024-07-09 21:57:15,957 INFO notifySocketTimeout:200

2024-07-09 21:57:15,958 INFO isHealthCheck:true

2024-07-09 21:57:15,958 INFO maxHealthCheckFailCount:12

2024-07-09 21:57:15,958 INFO maxContent:10485760

2024-07-09 21:57:19,600 WARN DumpService start

2024-07-09 21:57:19,600 INFO start clear all config-info.

2024-07-09 21:57:19,601 WARN clear all config-info failed.

2024-07-09 21:57:19,601 WARN clear all config-info-tenant failed.

2024-07-09 21:57:19,629 INFO start clear all config-info-beta.

2024-07-09 21:57:19,630 WARN clear all config-info-beta failed.

2024-07-09 21:57:19,630 WARN clear all config-info-beta-tenant failed.

2024-07-09 21:57:19,637 INFO start clear all config-info-tag.

2024-07-09 21:57:19,637 WARN clear all config-info-tag failed.

2024-07-09 21:57:19,638 WARN clear all config-info-tag-tenant failed.

