2024-07-09 00:04:28,107 INFO use local db service for init

2024-07-09 00:04:28,746 WARN Lexical error at line 4, column 66.  Encountered: <EOF> after : "".

2024-07-09 00:04:28,749 WARN Syntax error: Encountered "*" at line 1, column 1.

2024-07-09 00:04:29,028 WARN Lexical error at line 4, column 13.  Encountered: "`" (96), after : "".

2024-07-09 00:04:29,029 WARN Lexical error at line 1, column 13.  Encountered: "`" (96), after : "".

2024-07-09 00:04:29,029 WARN Lexical error at line 1, column 13.  Encountered: "`" (96), after : "".

2024-07-09 00:04:29,029 WARN Lexical error at line 1, column 13.  Encountered: "`" (96), after : "".

2024-07-09 00:04:29,029 INFO use StandaloneDatabaseOperateImpl

2024-07-09 21:57:18,517 INFO use local db service for init

2024-07-09 21:57:19,024 WARN Lexical error at line 4, column 66.  Encountered: <EOF> after : "".

2024-07-09 21:57:19,027 WARN Syntax error: Encountered "*" at line 1, column 1.

2024-07-09 21:57:19,056 WARN Table/View 'CONFIG_INFO' already exists in Schema 'NACOS'.

2024-07-09 21:57:19,090 WARN Table/View 'HIS_CONFIG_INFO' already exists in Schema 'NACOS'.

2024-07-09 21:57:19,106 WARN Table/View 'CONFIG_INFO_BETA' already exists in Schema 'NACOS'.

2024-07-09 21:57:19,115 WARN Table/View 'CONFIG_INFO_TAG' already exists in Schema 'NACOS'.

2024-07-09 21:57:19,123 WARN Table/View 'CONFIG_INFO_AGGR' already exists in Schema 'NACOS'.

2024-07-09 21:57:19,133 WARN Table/View 'APP_LIST' already exists in Schema 'NACOS'.

2024-07-09 21:57:19,140 WARN Table/View 'APP_CONFIGDATA_RELATION_SUBS' already exists in Schema 'NACOS'.

2024-07-09 21:57:19,148 WARN Table/View 'APP_CONFIGDATA_RELATION_PUBS' already exists in Schema 'NACOS'.

2024-07-09 21:57:19,156 WARN Table/View 'CONFIG_TAGS_RELATION' already exists in Schema 'NACOS'.

2024-07-09 21:57:19,166 WARN Table/View 'GROUP_CAPACITY' already exists in Schema 'NACOS'.

2024-07-09 21:57:19,174 WARN Table/View 'TENANT_CAPACITY' already exists in Schema 'NACOS'.

2024-07-09 21:57:19,182 WARN Table/View 'TENANT_INFO' already exists in Schema 'NACOS'.

2024-07-09 21:57:19,192 WARN Table/View 'USERS' already exists in Schema 'NACOS'.

2024-07-09 21:57:19,199 WARN Table/View 'ROLES' already exists in Schema 'NACOS'.

2024-07-09 21:57:19,207 WARN Table/View 'PERMISSIONS' already exists in Schema 'NACOS'.

2024-07-09 21:57:19,237 WARN The statement was aborted because it would have caused a duplicate key value in a unique or primary key constraint or unique index identified by 'SQL240709000428980' defined on 'USERS'.

2024-07-09 21:57:19,241 WARN The statement was aborted because it would have caused a duplicate key value in a unique or primary key constraint or unique index identified by 'UK_USERNAME_ROLE' defined on 'ROLES'.

2024-07-09 21:57:19,241 WARN Lexical error at line 4, column 13.  Encountered: "`" (96), after : "".

2024-07-09 21:57:19,241 WARN Lexical error at line 1, column 13.  Encountered: "`" (96), after : "".

2024-07-09 21:57:19,241 WARN Lexical error at line 1, column 13.  Encountered: "`" (96), after : "".

2024-07-09 21:57:19,241 WARN Lexical error at line 1, column 13.  Encountered: "`" (96), after : "".

2024-07-09 21:57:19,241 INFO use StandaloneDatabaseOperateImpl

