2024-07-09 00:04:28,029 INFO [ClientConnectionEventListenerRegistry] registry listener - ConnectionBasedClientManager

2024-07-09 00:04:29,502 INFO [ClientConnectionEventListenerRegistry] registry listener - ConfigConnectionEventListener

2024-07-09 00:04:29,527 INFO [ClientConnectionEventListenerRegistry] registry listener - RpcAckCallbackInitorOrCleaner

2024-07-09 00:04:29,541 INFO Nacos GrpcSdkServer Rpc server starting at port 9848

2024-07-09 00:04:29,623 INFO Load ProtocolNegotiatorBuilder com.alibaba.nacos.core.remote.grpc.negotiator.tls.DefaultTlsProtocolNegotiatorBuilder for type DEFAULT_TLS

2024-07-09 00:04:29,625 DEBUG TLS configuration is empty, use default value

2024-07-09 00:04:29,645 INFO Nacos Rpc server tls config:{"sslProvider":"","enableTls":false,"mutualAuthEnable":false,"trustAll":false,"sslContextRefresher":"","compatibility":true}

2024-07-09 00:04:29,647 WARN Recommended use 'nacos.remote.server.grpc.sdk.max-inbound-message-size' property instead 'nacos.remote.server.grpc.maxinbound.message.size', now property value is 10485760

2024-07-09 00:04:29,799 INFO Nacos Rpc server tls config:{"sslProvider":"","enableTls":false,"mutualAuthEnable":false,"trustAll":false,"sslContextRefresher":"","compatibility":true}

2024-07-09 00:04:29,800 INFO No RpcServerSslContextRefresher specified,Ssl Context auto refresh not supported.

2024-07-09 00:04:29,800 INFO RpcServerSslContextRefresher init end

2024-07-09 00:04:29,800 INFO Nacos GrpcSdkServer Rpc server started at port 9848

2024-07-09 00:04:29,801 INFO Nacos GrpcClusterServer Rpc server starting at port 9849

2024-07-09 00:04:29,801 WARN Recommended use 'nacos.remote.server.grpc.cluster.max-inbound-message-size' property instead 'nacos.remote.server.grpc.maxinbound.message.size', now property value is 10485760

2024-07-09 00:04:29,802 INFO Nacos GrpcClusterServer Rpc server started at port 9849

2024-07-09 21:57:18,426 INFO [ClientConnectionEventListenerRegistry] registry listener - ConnectionBasedClientManager

2024-07-09 21:57:19,773 INFO [ClientConnectionEventListenerRegistry] registry listener - ConfigConnectionEventListener

2024-07-09 21:57:19,802 INFO [ClientConnectionEventListenerRegistry] registry listener - RpcAckCallbackInitorOrCleaner

2024-07-09 21:57:19,815 INFO Nacos GrpcSdkServer Rpc server starting at port 9848

2024-07-09 21:57:19,926 INFO Load ProtocolNegotiatorBuilder com.alibaba.nacos.core.remote.grpc.negotiator.tls.DefaultTlsProtocolNegotiatorBuilder for type DEFAULT_TLS

2024-07-09 21:57:19,928 DEBUG TLS configuration is empty, use default value

2024-07-09 21:57:19,955 INFO Nacos Rpc server tls config:{"sslProvider":"","enableTls":false,"mutualAuthEnable":false,"trustAll":false,"sslContextRefresher":"","compatibility":true}

2024-07-09 21:57:19,956 WARN Recommended use 'nacos.remote.server.grpc.sdk.max-inbound-message-size' property instead 'nacos.remote.server.grpc.maxinbound.message.size', now property value is 10485760

2024-07-09 21:57:20,161 INFO Nacos Rpc server tls config:{"sslProvider":"","enableTls":false,"mutualAuthEnable":false,"trustAll":false,"sslContextRefresher":"","compatibility":true}

2024-07-09 21:57:20,161 INFO No RpcServerSslContextRefresher specified,Ssl Context auto refresh not supported.

2024-07-09 21:57:20,161 INFO RpcServerSslContextRefresher init end

2024-07-09 21:57:20,161 INFO Nacos GrpcSdkServer Rpc server started at port 9848

2024-07-09 21:57:20,163 INFO Nacos GrpcClusterServer Rpc server starting at port 9849

2024-07-09 21:57:20,164 WARN Recommended use 'nacos.remote.server.grpc.cluster.max-inbound-message-size' property instead 'nacos.remote.server.grpc.maxinbound.message.size', now property value is 10485760

2024-07-09 21:57:20,165 INFO Nacos GrpcClusterServer Rpc server started at port 9849

